[debug] [2025-12-03T10:21:29.276Z] ----------------------------------------------------------------------
[debug] [2025-12-03T10:21:29.278Z] Command:       C:\Program Files\nodejs\node.exe C:\Users\metro\AppData\Roaming\npm\node_modules\firebase-tools\lib\bin\firebase.js init
[debug] [2025-12-03T10:21:29.278Z] CLI Version:   14.10.1
[debug] [2025-12-03T10:21:29.279Z] Platform:      win32
[debug] [2025-12-03T10:21:29.279Z] Node Version:  v20.19.2
[debug] [2025-12-03T10:21:29.279Z] Time:          Wed Dec 03 2025 17:21:29 GMT+0700 (Indochina Time)
[debug] [2025-12-03T10:21:29.279Z] ----------------------------------------------------------------------
[debug] 
[debug] [2025-12-03T10:21:29.285Z] > command requires scopes: ["email","openid","https://www.googleapis.com/auth/cloudplatformprojects.readonly","https://www.googleapis.com/auth/firebase","https://www.googleapis.com/auth/cloud-platform"]
[debug] [2025-12-03T10:21:29.286Z] > authorizing via signed-in user (metrorefire@gmail.com)
[info] 
     ######## #### ########  ######## ########     ###     ######  ########
     ##        ##  ##     ## ##       ##     ##  ##   ##  ##       ##
     ######    ##  ########  ######   ########  #########  ######  ######
     ##        ##  ##    ##  ##       ##     ## ##     ##       ## ##
     ##       #### ##     ## ######## ########  ##     ##  ######  ########

You're about to initialize a Firebase project in this directory:

  C:\Users\metro\Documents\Project_Vue\Alfodo

[debug] [2025-12-03T10:21:53.523Z] ExitPromptError: User force closed the prompt with SIGINT
    at Interface.sigint (C:\Users\metro\AppData\Roaming\npm\node_modules\firebase-tools\node_modules\@inquirer\core\dist\commonjs\lib\create-prompt.js:101:37)
    at Interface.emit (node:events:524:28)
    at Interface.emit (node:domain:489:12)
    at [_ttyWrite] [as _ttyWrite] (node:internal/readline/interface:1125:18)
    at ReadStream.onkeypress (node:internal/readline/interface:264:20)
    at ReadStream.emit (node:events:536:35)
    at ReadStream.emit (node:domain:489:12)
    at emitKeys (node:internal/readline/utils:371:14)
    at emitKeys.next (<anonymous>)
    at ReadStream.onData (node:internal/readline/emitKeypressEvents:64:36)
[error] 
[error] Error: An unexpected error has occurred.
